<?xml version="1.0" encoding="UTF-8"?>
<testsuite name="CoinChangerTest" tests="9" skipped="0" failures="0" errors="0" timestamp="2018-06-12T20:12:09" hostname="Lorraines-MacBook-Air.local" time="0.045">
  <properties/>
  <testcase name="changeFor1()" classname="CoinChangerTest" time="0.018"/>
  <testcase name="changeFor2()" classname="CoinChangerTest" time="0.003"/>
  <testcase name="changeFor3()" classname="CoinChangerTest" time="0.006"/>
  <testcase name="changeFor5()" classname="CoinChangerTest" time="0.001"/>
  <testcase name="changeFor7()" classname="CoinChangerTest" time="0.001"/>
  <testcase name="changeFor10()" classname="CoinChangerTest" time="0.001"/>
  <testcase name="changeFor20()" classname="CoinChangerTest" time="0.001"/>
  <testcase name="changeFor50()" classname="CoinChangerTest" time="0.002"/>
  <testcase name="changeFor99()" classname="CoinChangerTest" time="0.001"/>
  <system-out><![CDATA[]]></system-out>
  <system-err><![CDATA[]]></system-err>
</testsuite>
