<?xml version="1.0" encoding="UTF-8"?>
<testsuite name="CoinChangerTest" tests="1" skipped="0" failures="0" errors="0" timestamp="2018-06-12T11:23:59" hostname="Lorraines-MacBook-Air.local" time="0.021">
  <properties/>
  <testcase name="changeFor1()" classname="CoinChangerTest" time="0.021"/>
  <system-out><![CDATA[]]></system-out>
  <system-err><![CDATA[]]></system-err>
</testsuite>
